Analysis & Synthesis report for Oscilloscope_MCP3202
Sun May 29 00:46:13 2016
Quartus II 32-bit Version 13.1.0 Build 162 10/23/2013 SJ Web Edition


---------------------
; Table of Contents ;
---------------------
  1. Legal Notice
  2. Analysis & Synthesis Summary
  3. Analysis & Synthesis Settings
  4. Parallel Compilation
  5. Analysis & Synthesis Source Files Read
  6. Analysis & Synthesis Resource Usage Summary
  7. Analysis & Synthesis Resource Utilization by Entity
  8. State Machine - |Oscilloscope_MCP3202|rs232_tx:TX1|state
  9. State Machine - |Oscilloscope_MCP3202|SPI_master:SPI1|state
 10. Registers Removed During Synthesis
 11. Removed Registers Triggering Further Register Optimizations
 12. General Register Statistics
 13. Inverted Register Statistics
 14. Multiplexer Restructuring Statistics (Restructuring Performed)
 15. Parameter Settings for User Entity Instance: Top-level Entity: |Oscilloscope_MCP3202
 16. Parameter Settings for User Entity Instance: SPI_master:SPI1
 17. Parameter Settings for User Entity Instance: rs232_tx:TX1
 18. Port Connectivity Checks: "SPI_master:SPI1"
 19. Elapsed Time Per Partition
 20. Analysis & Synthesis Messages



----------------
; Legal Notice ;
----------------
Copyright (C) 1991-2013 Altera Corporation
Your use of Altera Corporation's design tools, logic functions 
and other software and tools, and its AMPP partner logic 
functions, and any output files from any of the foregoing 
(including device programming or simulation files), and any 
associated documentation or information are expressly subject 
to the terms and conditions of the Altera Program License 
Subscription Agreement, Altera MegaCore Function License 
Agreement, or other applicable license agreement, including, 
without limitation, that your use is for the sole purpose of 
programming logic devices manufactured by Altera and sold by 
Altera or its authorized distributors.  Please refer to the 
applicable agreement for further details.



+---------------------------------------------------------------------------------+
; Analysis & Synthesis Summary                                                    ;
+------------------------------------+--------------------------------------------+
; Analysis & Synthesis Status        ; Successful - Sun May 29 00:46:13 2016      ;
; Quartus II 32-bit Version          ; 13.1.0 Build 162 10/23/2013 SJ Web Edition ;
; Revision Name                      ; Oscilloscope_MCP3202                       ;
; Top-level Entity Name              ; Oscilloscope_MCP3202                       ;
; Family                             ; Cyclone III                                ;
; Total logic elements               ; 346                                        ;
;     Total combinational functions  ; 331                                        ;
;     Dedicated logic registers      ; 193                                        ;
; Total registers                    ; 193                                        ;
; Total pins                         ; 8                                          ;
; Total virtual pins                 ; 0                                          ;
; Total memory bits                  ; 0                                          ;
; Embedded Multiplier 9-bit elements ; 0                                          ;
; Total PLLs                         ; 0                                          ;
+------------------------------------+--------------------------------------------+


+--------------------------------------------------------------------------------------------------------------------------+
; Analysis & Synthesis Settings                                                                                            ;
+----------------------------------------------------------------------------+----------------------+----------------------+
; Option                                                                     ; Setting              ; Default Value        ;
+----------------------------------------------------------------------------+----------------------+----------------------+
; Device                                                                     ; EP3C10E144C8         ;                      ;
; Top-level entity name                                                      ; Oscilloscope_MCP3202 ; Oscilloscope_MCP3202 ;
; Family name                                                                ; Cyclone III          ; Cyclone IV GX        ;
; Use smart compilation                                                      ; Off                  ; Off                  ;
; Enable parallel Assembler and TimeQuest Timing Analyzer during compilation ; On                   ; On                   ;
; Enable compact report table                                                ; Off                  ; Off                  ;
; Restructure Multiplexers                                                   ; Auto                 ; Auto                 ;
; Create Debugging Nodes for IP Cores                                        ; Off                  ; Off                  ;
; Preserve fewer node names                                                  ; On                   ; On                   ;
; Disable OpenCore Plus hardware evaluation                                  ; Off                  ; Off                  ;
; Verilog Version                                                            ; Verilog_2001         ; Verilog_2001         ;
; VHDL Version                                                               ; VHDL_1993            ; VHDL_1993            ;
; State Machine Processing                                                   ; Auto                 ; Auto                 ;
; Safe State Machine                                                         ; Off                  ; Off                  ;
; Extract Verilog State Machines                                             ; On                   ; On                   ;
; Extract VHDL State Machines                                                ; On                   ; On                   ;
; Ignore Verilog initial constructs                                          ; Off                  ; Off                  ;
; Iteration limit for constant Verilog loops                                 ; 5000                 ; 5000                 ;
; Iteration limit for non-constant Verilog loops                             ; 250                  ; 250                  ;
; Add Pass-Through Logic to Inferred RAMs                                    ; On                   ; On                   ;
; Infer RAMs from Raw Logic                                                  ; On                   ; On                   ;
; Parallel Synthesis                                                         ; On                   ; On                   ;
; DSP Block Balancing                                                        ; Auto                 ; Auto                 ;
; NOT Gate Push-Back                                                         ; On                   ; On                   ;
; Power-Up Don't Care                                                        ; On                   ; On                   ;
; Remove Redundant Logic Cells                                               ; Off                  ; Off                  ;
; Remove Duplicate Registers                                                 ; On                   ; On                   ;
; Ignore CARRY Buffers                                                       ; Off                  ; Off                  ;
; Ignore CASCADE Buffers                                                     ; Off                  ; Off                  ;
; Ignore GLOBAL Buffers                                                      ; Off                  ; Off                  ;
; Ignore ROW GLOBAL Buffers                                                  ; Off                  ; Off                  ;
; Ignore LCELL Buffers                                                       ; Off                  ; Off                  ;
; Ignore SOFT Buffers                                                        ; On                   ; On                   ;
; Limit AHDL Integers to 32 Bits                                             ; Off                  ; Off                  ;
; Optimization Technique                                                     ; Balanced             ; Balanced             ;
; Carry Chain Length                                                         ; 70                   ; 70                   ;
; Auto Carry Chains                                                          ; On                   ; On                   ;
; Auto Open-Drain Pins                                                       ; On                   ; On                   ;
; Perform WYSIWYG Primitive Resynthesis                                      ; Off                  ; Off                  ;
; Auto ROM Replacement                                                       ; On                   ; On                   ;
; Auto RAM Replacement                                                       ; On                   ; On                   ;
; Auto DSP Block Replacement                                                 ; On                   ; On                   ;
; Auto Shift Register Replacement                                            ; Auto                 ; Auto                 ;
; Allow Shift Register Merging across Hierarchies                            ; Auto                 ; Auto                 ;
; Auto Clock Enable Replacement                                              ; On                   ; On                   ;
; Strict RAM Replacement                                                     ; Off                  ; Off                  ;
; Allow Synchronous Control Signals                                          ; On                   ; On                   ;
; Force Use of Synchronous Clear Signals                                     ; Off                  ; Off                  ;
; Auto RAM Block Balancing                                                   ; On                   ; On                   ;
; Auto RAM to Logic Cell Conversion                                          ; Off                  ; Off                  ;
; Auto Resource Sharing                                                      ; Off                  ; Off                  ;
; Allow Any RAM Size For Recognition                                         ; Off                  ; Off                  ;
; Allow Any ROM Size For Recognition                                         ; Off                  ; Off                  ;
; Allow Any Shift Register Size For Recognition                              ; Off                  ; Off                  ;
; Use LogicLock Constraints during Resource Balancing                        ; On                   ; On                   ;
; Ignore translate_off and synthesis_off directives                          ; Off                  ; Off                  ;
; Timing-Driven Synthesis                                                    ; On                   ; On                   ;
; Report Parameter Settings                                                  ; On                   ; On                   ;
; Report Source Assignments                                                  ; On                   ; On                   ;
; Report Connectivity Checks                                                 ; On                   ; On                   ;
; Ignore Maximum Fan-Out Assignments                                         ; Off                  ; Off                  ;
; Synchronization Register Chain Length                                      ; 2                    ; 2                    ;
; PowerPlay Power Optimization                                               ; Normal compilation   ; Normal compilation   ;
; HDL message level                                                          ; Level2               ; Level2               ;
; Suppress Register Optimization Related Messages                            ; Off                  ; Off                  ;
; Number of Removed Registers Reported in Synthesis Report                   ; 5000                 ; 5000                 ;
; Number of Swept Nodes Reported in Synthesis Report                         ; 5000                 ; 5000                 ;
; Number of Inverted Registers Reported in Synthesis Report                  ; 100                  ; 100                  ;
; Clock MUX Protection                                                       ; On                   ; On                   ;
; Auto Gated Clock Conversion                                                ; Off                  ; Off                  ;
; Block Design Naming                                                        ; Auto                 ; Auto                 ;
; SDC constraint protection                                                  ; Off                  ; Off                  ;
; Synthesis Effort                                                           ; Auto                 ; Auto                 ;
; Shift Register Replacement - Allow Asynchronous Clear Signal               ; On                   ; On                   ;
; Pre-Mapping Resynthesis Optimization                                       ; Off                  ; Off                  ;
; Analysis & Synthesis Message Level                                         ; Medium               ; Medium               ;
; Disable Register Merging Across Hierarchies                                ; Auto                 ; Auto                 ;
; Resource Aware Inference For Block RAM                                     ; On                   ; On                   ;
; Synthesis Seed                                                             ; 1                    ; 1                    ;
+----------------------------------------------------------------------------+----------------------+----------------------+


+------------------------------------------+
; Parallel Compilation                     ;
+----------------------------+-------------+
; Processors                 ; Number      ;
+----------------------------+-------------+
; Number detected on machine ; 4           ;
; Maximum allowed            ; 2           ;
;                            ;             ;
; Average used               ; 1.00        ;
; Maximum used               ; 1           ;
;                            ;             ;
; Usage by Processor         ; % Time Used ;
;     Processor 1            ; 100.0%      ;
;     Processors 2-4         ;   0.0%      ;
+----------------------------+-------------+


+--------------------------------------------------------------------------------------------------------------------------------------------------------------------+
; Analysis & Synthesis Source Files Read                                                                                                                             ;
+----------------------------------+-----------------+-----------------+-----------------------------------------------------------------------------------+---------+
; File Name with User-Entered Path ; Used in Netlist ; File Type       ; File Name with Absolute Path                                                      ; Library ;
+----------------------------------+-----------------+-----------------+-----------------------------------------------------------------------------------+---------+
; SPI_master.vhd                   ; yes             ; User VHDL File  ; C:/Users/Kitravee/Desktop/Osciloscope_MCP3202_7_complete/SPI_master.vhd           ;         ;
; Sending_WDATA.vhd                ; yes             ; User VHDL File  ; C:/Users/Kitravee/Desktop/Osciloscope_MCP3202_7_complete/Sending_WDATA.vhd        ;         ;
; rs232_tx.vhd                     ; yes             ; User VHDL File  ; C:/Users/Kitravee/Desktop/Osciloscope_MCP3202_7_complete/rs232_tx.vhd             ;         ;
; Oscilloscope_MCP3202.vhd         ; yes             ; User VHDL File  ; C:/Users/Kitravee/Desktop/Osciloscope_MCP3202_7_complete/Oscilloscope_MCP3202.vhd ;         ;
; Detect_CH.vhd                    ; yes             ; User VHDL File  ; C:/Users/Kitravee/Desktop/Osciloscope_MCP3202_7_complete/Detect_CH.vhd            ;         ;
; delay.vhd                        ; yes             ; User VHDL File  ; C:/Users/Kitravee/Desktop/Osciloscope_MCP3202_7_complete/delay.vhd                ;         ;
; Checking_done.vhd                ; yes             ; User VHDL File  ; C:/Users/Kitravee/Desktop/Osciloscope_MCP3202_7_complete/Checking_done.vhd        ;         ;
+----------------------------------+-----------------+-----------------+-----------------------------------------------------------------------------------+---------+


+---------------------------------------------------------+
; Analysis & Synthesis Resource Usage Summary             ;
+---------------------------------------------+-----------+
; Resource                                    ; Usage     ;
+---------------------------------------------+-----------+
; Estimated Total logic elements              ; 346       ;
;                                             ;           ;
; Total combinational functions               ; 331       ;
; Logic element usage by number of LUT inputs ;           ;
;     -- 4 input functions                    ; 164       ;
;     -- 3 input functions                    ; 31        ;
;     -- <=2 input functions                  ; 136       ;
;                                             ;           ;
; Logic elements by mode                      ;           ;
;     -- normal mode                          ; 220       ;
;     -- arithmetic mode                      ; 111       ;
;                                             ;           ;
; Total registers                             ; 193       ;
;     -- Dedicated logic registers            ; 193       ;
;     -- I/O registers                        ; 0         ;
;                                             ;           ;
; I/O pins                                    ; 8         ;
; Embedded Multiplier 9-bit elements          ; 0         ;
; Maximum fan-out node                        ; CLK~input ;
; Maximum fan-out                             ; 193       ;
; Total fan-out                               ; 1596      ;
; Average fan-out                             ; 2.96      ;
+---------------------------------------------+-----------+


+-------------------------------------------------------------------------------------------------------------------------------------------------------------------------------------------------------------+
; Analysis & Synthesis Resource Utilization by Entity                                                                                                                                                         ;
+--------------------------------+-------------------+--------------+-------------+--------------+---------+-----------+------+--------------+-------------------------------------------------+--------------+
; Compilation Hierarchy Node     ; LC Combinationals ; LC Registers ; Memory Bits ; DSP Elements ; DSP 9x9 ; DSP 18x18 ; Pins ; Virtual Pins ; Full Hierarchy Name                             ; Library Name ;
+--------------------------------+-------------------+--------------+-------------+--------------+---------+-----------+------+--------------+-------------------------------------------------+--------------+
; |Oscilloscope_MCP3202          ; 331 (1)           ; 193 (0)      ; 0           ; 0            ; 0       ; 0         ; 8    ; 0            ; |Oscilloscope_MCP3202                           ; work         ;
;    |Checking_done:Check1|      ; 76 (76)           ; 34 (34)      ; 0           ; 0            ; 0       ; 0         ; 0    ; 0            ; |Oscilloscope_MCP3202|Checking_done:Check1      ; work         ;
;    |Checking_done:Check2|      ; 75 (75)           ; 34 (34)      ; 0           ; 0            ; 0       ; 0         ; 0    ; 0            ; |Oscilloscope_MCP3202|Checking_done:Check2      ; work         ;
;    |SPI_master:SPI1|           ; 70 (70)           ; 53 (53)      ; 0           ; 0            ; 0       ; 0         ; 0    ; 0            ; |Oscilloscope_MCP3202|SPI_master:SPI1           ; work         ;
;    |Sending_WDATA:Send_WDATA1| ; 2 (2)             ; 2 (2)        ; 0           ; 0            ; 0       ; 0         ; 0    ; 0            ; |Oscilloscope_MCP3202|Sending_WDATA:Send_WDATA1 ; work         ;
;    |delay:delay|               ; 49 (49)           ; 35 (35)      ; 0           ; 0            ; 0       ; 0         ; 0    ; 0            ; |Oscilloscope_MCP3202|delay:delay               ; work         ;
;    |rs232_tx:TX1|              ; 58 (58)           ; 35 (35)      ; 0           ; 0            ; 0       ; 0         ; 0    ; 0            ; |Oscilloscope_MCP3202|rs232_tx:TX1              ; work         ;
+--------------------------------+-------------------+--------------+-------------+--------------+---------+-----------+------+--------------+-------------------------------------------------+--------------+
Note: For table entries with two numbers listed, the numbers in parentheses indicate the number of resources of the given type used by the specific entity alone. The numbers listed outside of parentheses indicate the total resources of the given type used by the specific entity and all of its sub-entities in the hierarchy.


Encoding Type:  One-Hot
+----------------------------------------------------------------------------------------------------------+
; State Machine - |Oscilloscope_MCP3202|rs232_tx:TX1|state                                                 ;
+----------------------+---------------------+-----------------+----------------------+--------------------+
; Name                 ; state.SEND_STOP_BIT ; state.SEND_BITS ; state.SEND_START_BIT ; state.WAIT_FOR_REQ ;
+----------------------+---------------------+-----------------+----------------------+--------------------+
; state.WAIT_FOR_REQ   ; 0                   ; 0               ; 0                    ; 0                  ;
; state.SEND_START_BIT ; 0                   ; 0               ; 1                    ; 1                  ;
; state.SEND_BITS      ; 0                   ; 1               ; 0                    ; 1                  ;
; state.SEND_STOP_BIT  ; 1                   ; 0               ; 0                    ; 1                  ;
+----------------------+---------------------+-----------------+----------------------+--------------------+


Encoding Type:  One-Hot
+-------------------------------------------------------------------------------------------------------------+
; State Machine - |Oscilloscope_MCP3202|SPI_master:SPI1|state                                                 ;
+----------+----------+----------+----------+----------+----------+----------+----------+----------+----------+
; Name     ; state.S8 ; state.S7 ; state.S6 ; state.S5 ; state.S4 ; state.S3 ; state.S2 ; state.S1 ; state.S0 ;
+----------+----------+----------+----------+----------+----------+----------+----------+----------+----------+
; state.S0 ; 0        ; 0        ; 0        ; 0        ; 0        ; 0        ; 0        ; 0        ; 0        ;
; state.S1 ; 0        ; 0        ; 0        ; 0        ; 0        ; 0        ; 0        ; 1        ; 1        ;
; state.S2 ; 0        ; 0        ; 0        ; 0        ; 0        ; 0        ; 1        ; 0        ; 1        ;
; state.S3 ; 0        ; 0        ; 0        ; 0        ; 0        ; 1        ; 0        ; 0        ; 1        ;
; state.S4 ; 0        ; 0        ; 0        ; 0        ; 1        ; 0        ; 0        ; 0        ; 1        ;
; state.S5 ; 0        ; 0        ; 0        ; 1        ; 0        ; 0        ; 0        ; 0        ; 1        ;
; state.S6 ; 0        ; 0        ; 1        ; 0        ; 0        ; 0        ; 0        ; 0        ; 1        ;
; state.S7 ; 0        ; 1        ; 0        ; 0        ; 0        ; 0        ; 0        ; 0        ; 1        ;
; state.S8 ; 1        ; 0        ; 0        ; 0        ; 0        ; 0        ; 0        ; 0        ; 1        ;
+----------+----------+----------+----------+----------+----------+----------+----------+----------+----------+


+---------------------------------------------------------------------------------+
; Registers Removed During Synthesis                                              ;
+----------------------------------------+----------------------------------------+
; Register name                          ; Reason for Removal                     ;
+----------------------------------------+----------------------------------------+
; SPI_master:SPI1|sreg[0,2,3]            ; Stuck at VCC due to stuck port data_in ;
; Sending_WDATA:Send_WDATA1|tmp[1..31]   ; Lost fanout                            ;
; rs232_tx:TX1|shift_reg[15..17]         ; Stuck at GND due to stuck port data_in ;
; Total Number of Removed Registers = 37 ;                                        ;
+----------------------------------------+----------------------------------------+


+-------------------------------------------------------------------------------------------------------------------------------------+
; Removed Registers Triggering Further Register Optimizations                                                                         ;
+-----------------------------------+---------------------------+---------------------------------------------------------------------+
; Register name                     ; Reason for Removal        ; Registers Removed due to This Register                              ;
+-----------------------------------+---------------------------+---------------------------------------------------------------------+
; Sending_WDATA:Send_WDATA1|tmp[31] ; Lost Fanouts              ; Sending_WDATA:Send_WDATA1|tmp[5], Sending_WDATA:Send_WDATA1|tmp[4], ;
;                                   ;                           ; Sending_WDATA:Send_WDATA1|tmp[3], Sending_WDATA:Send_WDATA1|tmp[2], ;
;                                   ;                           ; Sending_WDATA:Send_WDATA1|tmp[1]                                    ;
; rs232_tx:TX1|shift_reg[17]        ; Stuck at GND              ; rs232_tx:TX1|shift_reg[16], rs232_tx:TX1|shift_reg[15]              ;
;                                   ; due to stuck port data_in ;                                                                     ;
+-----------------------------------+---------------------------+---------------------------------------------------------------------+


+------------------------------------------------------+
; General Register Statistics                          ;
+----------------------------------------------+-------+
; Statistic                                    ; Value ;
+----------------------------------------------+-------+
; Total registers                              ; 193   ;
; Number of registers using Synchronous Clear  ; 1     ;
; Number of registers using Synchronous Load   ; 22    ;
; Number of registers using Asynchronous Clear ; 60    ;
; Number of registers using Asynchronous Load  ; 0     ;
; Number of registers using Clock Enable       ; 92    ;
; Number of registers using Preset             ; 0     ;
+----------------------------------------------+-------+


+--------------------------------------------------+
; Inverted Register Statistics                     ;
+----------------------------------------+---------+
; Inverted Register                      ; Fan out ;
+----------------------------------------+---------+
; SPI_master:SPI1|SPI_MOSI               ; 2       ;
; SPI_master:SPI1|SPI_SS_N               ; 2       ;
; SPI_master:SPI1|DONE                   ; 3       ;
; delay:delay|start                      ; 2       ;
; Total number of inverted registers = 4 ;         ;
+----------------------------------------+---------+


+----------------------------------------------------------------------------------------------------------------------------------------------------------------------+
; Multiplexer Restructuring Statistics (Restructuring Performed)                                                                                                       ;
+--------------------+-----------+---------------+----------------------+------------------------+------------+--------------------------------------------------------+
; Multiplexer Inputs ; Bus Width ; Baseline Area ; Area if Restructured ; Saving if Restructured ; Registered ; Example Multiplexer Output                             ;
+--------------------+-----------+---------------+----------------------+------------------------+------------+--------------------------------------------------------+
; 3:1                ; 32 bits   ; 64 LEs        ; 32 LEs               ; 32 LEs                 ; Yes        ; |Oscilloscope_MCP3202|Checking_done:Check2|tmp[20]     ;
; 3:1                ; 32 bits   ; 64 LEs        ; 32 LEs               ; 32 LEs                 ; Yes        ; |Oscilloscope_MCP3202|Checking_done:Check1|tmp[17]     ;
; 6:1                ; 4 bits    ; 16 LEs        ; 4 LEs                ; 12 LEs                 ; Yes        ; |Oscilloscope_MCP3202|rs232_tx:TX1|shift_reg[16]       ;
; 6:1                ; 13 bits   ; 52 LEs        ; 13 LEs               ; 39 LEs                 ; Yes        ; |Oscilloscope_MCP3202|rs232_tx:TX1|shift_reg[2]        ;
; 6:1                ; 5 bits    ; 20 LEs        ; 5 LEs                ; 15 LEs                 ; Yes        ; |Oscilloscope_MCP3202|rs232_tx:TX1|bit_counter[0]      ;
; 6:1                ; 9 bits    ; 36 LEs        ; 9 LEs                ; 27 LEs                 ; Yes        ; |Oscilloscope_MCP3202|rs232_tx:TX1|baudrate_counter[6] ;
; 4:1                ; 7 bits    ; 14 LEs        ; 7 LEs                ; 7 LEs                  ; Yes        ; |Oscilloscope_MCP3202|SPI_master:SPI1|wait_count[4]    ;
; 8:1                ; 2 bits    ; 10 LEs        ; 6 LEs                ; 4 LEs                  ; No         ; |Oscilloscope_MCP3202|rs232_tx:TX1|state               ;
; 10:1               ; 2 bits    ; 12 LEs        ; 6 LEs                ; 6 LEs                  ; No         ; |Oscilloscope_MCP3202|rs232_tx:TX1|state               ;
+--------------------+-----------+---------------+----------------------+------------------------+------------+--------------------------------------------------------+


+--------------------------------------------------------------------------------------+
; Parameter Settings for User Entity Instance: Top-level Entity: |Oscilloscope_MCP3202 ;
+----------------+----------+----------------------------------------------------------+
; Parameter Name ; Value    ; Type                                                     ;
+----------------+----------+----------------------------------------------------------+
; WAIT_COUNT_MAX ; 100      ; Signed Integer                                           ;
; data_M_to_S    ; 4        ; Signed Integer                                           ;
; data_S_to_M    ; 12       ; Signed Integer                                           ;
; SYSTEM_SPEED   ; 50000000 ; Signed Integer                                           ;
; BAUDRATE       ; 115200   ; Signed Integer                                           ;
+----------------+----------+----------------------------------------------------------+
Note: In order to hide this table in the UI and the text report file, please set the "Show Parameter Settings in Synthesis Report" option in "Analysis and Synthesis Settings -> More Settings" to "Off".


+--------------------------------------------------------------+
; Parameter Settings for User Entity Instance: SPI_master:SPI1 ;
+----------------+-------+-------------------------------------+
; Parameter Name ; Value ; Type                                ;
+----------------+-------+-------------------------------------+
; wait_count_max ; 100   ; Signed Integer                      ;
; data_m_to_s    ; 4     ; Signed Integer                      ;
; data_s_to_m    ; 12    ; Signed Integer                      ;
+----------------+-------+-------------------------------------+
Note: In order to hide this table in the UI and the text report file, please set the "Show Parameter Settings in Synthesis Report" option in "Analysis and Synthesis Settings -> More Settings" to "Off".


+-----------------------------------------------------------+
; Parameter Settings for User Entity Instance: rs232_tx:TX1 ;
+----------------+----------+-------------------------------+
; Parameter Name ; Value    ; Type                          ;
+----------------+----------+-------------------------------+
; system_speed   ; 50000000 ; Signed Integer                ;
; baudrate       ; 115200   ; Signed Integer                ;
+----------------+----------+-------------------------------+
Note: In order to hide this table in the UI and the text report file, please set the "Show Parameter Settings in Synthesis Report" option in "Analysis and Synthesis Settings -> More Settings" to "Off".


+----------------------------------------------------------------------------------------------------------------+
; Port Connectivity Checks: "SPI_master:SPI1"                                                                    ;
+------+--------+----------+-------------------------------------------------------------------------------------+
; Port ; Type   ; Severity ; Details                                                                             ;
+------+--------+----------+-------------------------------------------------------------------------------------+
; tx   ; Output ; Info     ; Connected to dangling logic. Logic that only feeds a dangling port will be removed. ;
+------+--------+----------+-------------------------------------------------------------------------------------+


+-------------------------------+
; Elapsed Time Per Partition    ;
+----------------+--------------+
; Partition Name ; Elapsed Time ;
+----------------+--------------+
; Top            ; 00:00:01     ;
+----------------+--------------+


+-------------------------------+
; Analysis & Synthesis Messages ;
+-------------------------------+
Info: *******************************************************************
Info: Running Quartus II 32-bit Analysis & Synthesis
    Info: Version 13.1.0 Build 162 10/23/2013 SJ Web Edition
    Info: Processing started: Sun May 29 00:46:09 2016
Info: Command: quartus_map --read_settings_files=on --write_settings_files=off Oscilloscope_MCP3202 -c Oscilloscope_MCP3202
Info (11104): Parallel Compilation has detected 4 hyper-threaded processors. However, the extra hyper-threaded processors will not be used by default. Parallel Compilation will use 2 of the 2 physical processors detected instead.
Info (12021): Found 2 design units, including 1 entities, in source file spi_master.vhd
    Info (12022): Found design unit 1: SPI_master-behave
    Info (12023): Found entity 1: SPI_master
Info (12021): Found 2 design units, including 1 entities, in source file sending_wdata.vhd
    Info (12022): Found design unit 1: Sending_WDATA-Behavioral
    Info (12023): Found entity 1: Sending_WDATA
Info (12021): Found 2 design units, including 1 entities, in source file rs232_tx.vhd
    Info (12022): Found design unit 1: rs232_tx-behave
    Info (12023): Found entity 1: rs232_tx
Info (12021): Found 2 design units, including 1 entities, in source file oscilloscope_mcp3202.vhd
    Info (12022): Found design unit 1: Oscilloscope_MCP3202-Structural
    Info (12023): Found entity 1: Oscilloscope_MCP3202
Info (12021): Found 2 design units, including 1 entities, in source file detect_ch.vhd
    Info (12022): Found design unit 1: Detect_CH-data_process
    Info (12023): Found entity 1: Detect_CH
Info (12021): Found 2 design units, including 1 entities, in source file delay.vhd
    Info (12022): Found design unit 1: delay-counter
    Info (12023): Found entity 1: delay
Info (12021): Found 2 design units, including 1 entities, in source file debounce.vhd
    Info (12022): Found design unit 1: debounce-behave
    Info (12023): Found entity 1: debounce
Info (12021): Found 2 design units, including 1 entities, in source file checking_done.vhd
    Info (12022): Found design unit 1: Checking_done-behave
    Info (12023): Found entity 1: Checking_done
Info (12127): Elaborating entity "Oscilloscope_MCP3202" for the top level hierarchy
Info (12128): Elaborating entity "delay" for hierarchy "delay:delay"
Warning (10492): VHDL Process Statement warning at delay.vhd(25): signal "reset" is read inside the Process Statement but isn't in the Process Statement's sensitivity list
Info (12128): Elaborating entity "Sending_WDATA" for hierarchy "Sending_WDATA:Send_WDATA1"
Info (12128): Elaborating entity "Detect_CH" for hierarchy "Detect_CH:Detect1"
Info (12128): Elaborating entity "Checking_done" for hierarchy "Checking_done:Check1"
Info (12128): Elaborating entity "SPI_master" for hierarchy "SPI_master:SPI1"
Warning (10541): VHDL Signal Declaration warning at SPI_master.vhd(22): used implicit default value for signal "TX" because signal was never assigned a value or an explicit default value. Use of implicit default value may introduce unintended design optimizations.
Warning (10540): VHDL Signal Declaration warning at SPI_master.vhd(27): used explicit default value for signal "HOLD_SS_N" because signal was never assigned a value
Info (12128): Elaborating entity "rs232_tx" for hierarchy "rs232_tx:TX1"
Info (13000): Registers with preset signals will power-up high
Info (13003): DEV_CLRn pin will set, and not reset, register with preset signal due to NOT Gate Push-Back
Critical Warning (18061): Ignored Power-Up Level option on the following registers
    Critical Warning (18010): Register Sending_WDATA:Send_WDATA1|tmp[0] will power up to Low
Info (286030): Timing-Driven Synthesis is running
Info (17049): 31 registers lost all their fanouts during netlist optimizations.
Info (16010): Generating hard_block partition "hard_block:auto_generated_inst"
    Info (16011): Adding 0 node(s), including 0 DDIO, 0 PLL, 0 transceiver and 0 LCELL
Info (21057): Implemented 357 device resources after synthesis - the final resource count might be different
    Info (21058): Implemented 3 input pins
    Info (21059): Implemented 5 output pins
    Info (21061): Implemented 349 logic cells
Info: Quartus II 32-bit Analysis & Synthesis was successful. 0 errors, 5 warnings
    Info: Peak virtual memory: 401 megabytes
    Info: Processing ended: Sun May 29 00:46:13 2016
    Info: Elapsed time: 00:00:04
    Info: Total CPU time (on all processors): 00:00:03


